TN:
SF:src\core\data\models.ts
FN:18,(anonymous_0)
FNF:1
FNH:1
FNDA:2,(anonymous_0)
DA:18,2
DA:19,2
DA:20,2
DA:21,2
DA:22,2
LF:5
LH:5
BRDA:18,0,0,2
BRDA:18,0,1,2
BRF:2
BRH:2
end_of_record
TN:
SF:src\core\data\repository.ts
FN:8,(anonymous_0)
FN:13,(anonymous_1)
FN:26,(anonymous_3)
FN:35,(anonymous_5)
FN:41,(anonymous_7)
FN:69,(anonymous_9)
FN:77,(anonymous_11)
FN:89,(anonymous_13)
FN:98,(anonymous_15)
FN:106,(anonymous_17)
FN:135,(anonymous_19)
FN:143,(anonymous_21)
FN:155,(anonymous_23)
FN:164,(anonymous_25)
FN:170,(anonymous_27)
FN:195,(anonymous_29)
FN:203,(anonymous_31)
FNF:17
FNH:17
FNDA:24,(anonymous_0)
FNDA:1,(anonymous_1)
FNDA:1,(anonymous_3)
FNDA:1,(anonymous_5)
FNDA:1,(anonymous_7)
FNDA:1,(anonymous_9)
FNDA:1,(anonymous_11)
FNDA:1,(anonymous_13)
FNDA:1,(anonymous_15)
FNDA:1,(anonymous_17)
FNDA:1,(anonymous_19)
FNDA:1,(anonymous_21)
FNDA:1,(anonymous_23)
FNDA:1,(anonymous_25)
FNDA:1,(anonymous_27)
FNDA:1,(anonymous_29)
FNDA:1,(anonymous_31)
DA:2,2
DA:3,2
DA:5,2
DA:9,24
DA:14,1
DA:15,1
DA:17,1
DA:23,1
DA:27,1
DA:32,1
DA:36,1
DA:42,1
DA:43,1
DA:45,1
DA:46,1
DA:47,1
DA:49,1
DA:50,1
DA:51,1
DA:53,1
DA:54,1
DA:55,1
DA:58,1
DA:59,1
DA:61,1
DA:63,1
DA:70,1
DA:78,1
DA:80,1
DA:86,1
DA:90,1
DA:95,1
DA:99,1
DA:107,1
DA:108,1
DA:110,1
DA:111,1
DA:112,1
DA:114,1
DA:115,1
DA:116,1
DA:118,1
DA:119,1
DA:120,1
DA:122,1
DA:123,1
DA:124,1
DA:127,1
DA:129,1
DA:136,1
DA:144,1
DA:146,1
DA:152,1
DA:156,1
DA:161,1
DA:165,1
DA:171,1
DA:172,1
DA:174,1
DA:175,1
DA:176,1
DA:178,1
DA:179,1
DA:180,1
DA:182,1
DA:183,1
DA:184,1
DA:187,1
DA:189,1
DA:196,1
DA:204,1
LF:71
LH:71
BRDA:9,0,0,24
BRDA:9,0,1,8
BRDA:32,1,0,1
BRDA:32,1,1,0
BRDA:45,2,0,1
BRDA:49,3,0,1
BRDA:53,4,0,1
BRDA:95,5,0,1
BRDA:95,5,1,0
BRDA:110,6,0,1
BRDA:114,7,0,1
BRDA:118,8,0,1
BRDA:122,9,0,1
BRDA:161,10,0,1
BRDA:161,10,1,0
BRDA:174,11,0,1
BRDA:178,12,0,1
BRDA:182,13,0,1
BRF:18
BRH:15
end_of_record
TN:
SF:src\core\sqlite\config.ts
FN:23,(anonymous_0)
FN:25,(anonymous_1)
FN:32,(anonymous_2)
FN:55,(anonymous_4)
FN:55,(anonymous_5)
FN:65,(anonymous_6)
FN:65,(anonymous_7)
FNF:7
FNH:7
FNDA:2,(anonymous_0)
FNDA:22,(anonymous_1)
FNDA:2,(anonymous_2)
FNDA:2,(anonymous_4)
FNDA:2,(anonymous_5)
FNDA:2,(anonymous_6)
FNDA:2,(anonymous_7)
DA:1,3
DA:19,3
DA:26,22
DA:27,2
DA:29,22
DA:33,2
DA:43,2
DA:44,2
DA:50,1
DA:51,1
DA:55,2
DA:56,2
DA:57,2
DA:58,1
DA:60,1
DA:61,1
DA:65,2
DA:66,2
DA:67,2
DA:69,1
DA:70,1
LF:21
LH:21
BRDA:26,0,0,2
BRDA:38,1,0,2
BRDA:38,1,1,0
BRDA:39,2,0,2
BRDA:39,2,1,0
BRDA:55,3,0,2
BRDA:65,4,0,2
BRF:7
BRH:5
end_of_record
TN:
SF:src\ui\components.ts
FN:10,(anonymous_0)
FN:16,(anonymous_1)
FN:23,(anonymous_2)
FN:25,(anonymous_3)
FN:25,(anonymous_4)
FN:47,(anonymous_5)
FN:54,(anonymous_7)
FN:62,(anonymous_8)
FN:62,(anonymous_9)
FN:82,(anonymous_10)
FN:91,(anonymous_11)
FN:96,(anonymous_12)
FN:98,(anonymous_14)
FN:102,(anonymous_15)
FNF:14
FNH:6
FNDA:5,(anonymous_0)
FNDA:2,(anonymous_1)
FNDA:0,(anonymous_2)
FNDA:0,(anonymous_3)
FNDA:0,(anonymous_4)
FNDA:0,(anonymous_5)
FNDA:0,(anonymous_7)
FNDA:0,(anonymous_8)
FNDA:0,(anonymous_9)
FNDA:1,(anonymous_10)
FNDA:3,(anonymous_11)
FNDA:1,(anonymous_12)
FNDA:0,(anonymous_14)
FNDA:2,(anonymous_15)
DA:1,1
DA:2,1
DA:5,1
DA:7,5
DA:11,5
DA:12,5
DA:13,5
DA:17,2
DA:18,2
DA:19,2
DA:21,1
DA:23,0
DA:25,0
DA:26,0
DA:27,0
DA:28,0
DA:29,0
DA:32,0
DA:33,0
DA:34,0
DA:38,1
DA:39,1
DA:40,1
DA:42,1
DA:43,1
DA:48,0
DA:49,0
DA:50,0
DA:52,0
DA:54,0
DA:55,0
DA:56,0
DA:62,0
DA:63,0
DA:64,0
DA:65,0
DA:66,0
DA:67,0
DA:70,0
DA:71,0
DA:72,0
DA:77,0
DA:78,0
DA:83,1
DA:84,1
DA:88,1
DA:92,3
DA:93,3
DA:97,1
DA:98,0
DA:103,2
DA:104,2
DA:105,2
DA:107,2
DA:111,1
DA:112,1
DA:113,1
LF:57
LH:29
BRDA:27,0,0,0
BRDA:50,1,0,0
BRDA:65,2,0,0
BRDA:105,3,0,0
BRF:4
BRH:0
end_of_record
